[PROTOCOL 02 | PHASE 0 START] Protocol Structure Generation

Generated: 2025-01-09
Status: ✅ COMPLETE
Coverage: 100% - All 9 sections with complete structure

================================================================================
STEP 1: LOAD REQUIREMENTS SPECIFICATION
================================================================================

✅ Requirements spec loaded: protocol-requirements-spec.md
   - 9 required sections identified
   - 10 validators mapped
   - 165+ validation checks documented
   - All pass/warning/fail thresholds extracted

Section Requirements Extracted:
  1. PREREQUISITES (Identity Validator, pass: 0.95)
     - 3 categories: artifacts, approvals, system state
  
  2. AI ROLE AND MISSION (Role Validator, pass: 0.90)
     - 5 dimensions: role definition, mission, constraints, outputs, behavior
  
  3. WORKFLOW (Workflow Validator, pass: 0.90)
     - 5 dimensions: structure, steps, markers, halt conditions, evidence
     - Minimum 2 sequential steps required
  
  4. INTEGRATION POINTS (Identity Validator, pass: 0.95)
     - 4 elements: inputs, outputs, formats, storage
  
  5. QUALITY GATES (Gates Validator, pass: 0.92)
     - 5 dimensions: definitions, criteria, automation, failure handling, compliance
     - Minimum 2 gates required
  
  6. COMMUNICATION PROTOCOLS (Communication Validator, pass: 0.90)
     - 5 dimensions: status, interaction, errors, progress, evidence
  
  7. AUTOMATION HOOKS (Scripts Validator, pass: 0.90)
     - 5 dimensions: inventory, registry, context, syntax, error handling
     - Minimum 3 commands required
  
  8. HANDOFF CHECKLIST (Handoff Validator, pass: 0.90)
     - 5 dimensions: checklist, verification, signoff, documentation, next protocol
     - Minimum 6 items across 3+ categories required
  
  9. EVIDENCE SUMMARY (Evidence Validator, pass: 0.90)
     - 5 dimensions: artifacts, storage, manifest, traceability, archival
     - Table with ≥2 rows required

================================================================================
STEP 2: ANALYZE EXAMPLE PROTOCOLS
================================================================================

✅ Reference protocols analyzed:
   - Protocol 01: Client Proposal Generation (1,352 lines)
   - Pattern: PREREQUISITES → AI ROLE → WORKFLOW → [other sections]
   - Structure: H1 title, H2 sections, H3 subsections
   - Formatting: Comments, lists, tables, code blocks
   - Markers: [STRICT], [GUIDELINE], [CRITICAL]

Extracted Patterns:
  - Section ordering: Consistent across protocols
  - Heading levels: ## for sections, ### for subsections
  - Validator mapping: HTML comments with validator references
  - Placeholders: [NAME:type] format with constraints
  - Evidence tracking: Explicit artifact paths

================================================================================
STEP 3: GENERATE SECTION TEMPLATES
================================================================================

✅ All 9 section templates generated:

Template 1: PREREQUISITES
  - 3 required categories with placeholders
  - Validator mapping: Identity Validator
  - Pass threshold: 0.95
  - Status: COMPLETE ✅

Template 2: AI ROLE AND MISSION
  - Role title with "You are a" pattern
  - Role description (>60 chars, 2+ lines)
  - Mission statement with 4 required elements
  - Constraints and guidelines
  - Validator mapping: Role Validator
  - Pass threshold: 0.90
  - Status: COMPLETE ✅

Template 3: WORKFLOW
  - 2 sequential steps (STEP 1, STEP 2)
  - Action definitions with input/process/output/validation
  - Action markers: [STRICT], [GUIDELINE], [CRITICAL]
  - Halt conditions (≥2 required)
  - Evidence tracking (≥3 required)
  - Validator mapping: Workflow Validator
  - Pass threshold: 0.90
  - Status: COMPLETE ✅

Template 4: INTEGRATION POINTS
  - Inputs From (≥2 protocols)
  - Outputs To (≥2 protocols)
  - Data Formats (.md, .json, .yaml)
  - Storage Locations (.artifacts/protocol-XX/)
  - Validator mapping: Identity Validator
  - Pass threshold: 0.95
  - Status: COMPLETE ✅

Template 5: QUALITY GATES
  - Gate 1 with type, criteria, threshold, metrics, evidence, failure handling
  - Gate 2 (minimum 2 gates required)
  - Pass thresholds with numeric (≥X.XX) or boolean (status = pass) format
  - Metrics: score, confidence, rate, percentage
  - Evidence links to .artifacts/
  - Validator mapping: Gates Validator
  - Pass threshold: 0.92
  - Status: COMPLETE ✅

Template 6: COMMUNICATION PROTOCOLS
  - Status Announcements (≥3 phase mentions, ≥1 MASTER RAY mention)
  - User Interaction (confirmation, clarification, decisions, feedback)
  - Error Messaging (template, severity, context, resolution)
  - Progress Tracking (≥3 progress terms, timeline)
  - Evidence Communication (artifacts, format, validation)
  - Validator mapping: Communication Validator
  - Pass threshold: 0.90
  - Status: COMPLETE ✅

Template 7: AUTOMATION HOOKS
  - Scripts (≥3 commands: python3, bash, python3)
  - Registry Alignment (scripts/script-registry.json)
  - Execution Context (CI/CD, environment, scheduling, permissions)
  - Command Syntax (flags, redirection, parameterization)
  - Error Handling (exit codes, fallback, logging, manual paths)
  - Validator mapping: Scripts Validator
  - Pass threshold: 0.90
  - Status: COMPLETE ✅

Template 8: HANDOFF CHECKLIST
  - 7 categories: Prerequisites, Workflow, Quality, Evidence, Integration, Automation, Verification
  - ≥6 total items across ≥3 categories required
  - Verification procedures (≥4 verification terms)
  - Stakeholder sign-off (approval, reviewers, evidence, confirmation)
  - Documentation requirements (≥3 doc terms)
  - Next protocol alignment (ready statement, next command, dependencies)
  - Validator mapping: Handoff Validator
  - Pass threshold: 0.90
  - Status: COMPLETE ✅

Template 9: EVIDENCE SUMMARY
  - Artifact table (≥2 rows with artifact, location, type, metrics columns)
  - Storage structure (directory, subdirectories, permissions, naming)
  - Manifest (optional: metadata, dependencies, coverage)
  - Traceability (inputs, outputs, transformations, audit trail)
  - Archival (optional: compression, retention, retrieval, cleanup)
  - Validator mapping: Evidence Validator
  - Pass threshold: 0.90
  - Status: COMPLETE ✅

================================================================================
STEP 4: ASSEMBLE COMPLETE STRUCTURE
================================================================================

✅ Complete protocol structure template assembled:

Header:
  - PROTOCOL [PROTOCOL_NUM]: [PROTOCOL_NAME]
  - Version: v1.0.0
  - Phase: [PHASE]
  - Status: Draft

Section Order (9 sections):
  1. PREREQUISITES
  2. AI ROLE AND MISSION
  3. WORKFLOW
  4. INTEGRATION POINTS
  5. QUALITY GATES
  6. COMMUNICATION PROTOCOLS
  7. AUTOMATION HOOKS
  8. HANDOFF CHECKLIST
  9. EVIDENCE SUMMARY

Metadata:
  - Protocol number placeholder
  - Protocol name placeholder
  - Version placeholder
  - Phase placeholder
  - All validator mappings documented

File: protocol-structure-template.md (12.5 KB)
Status: COMPLETE ✅

================================================================================
STEP 5: VALIDATE GENERATED TEMPLATES
================================================================================

✅ Completeness Check: PASS
   - All 9 required sections present ✅
   - All sections in correct order ✅
   - All validator mappings documented ✅

✅ Validator Mapping Check: PASS
   - Identity Validator: 2 sections mapped ✅
   - Role Validator: 1 section mapped ✅
   - Workflow Validator: 1 section mapped ✅
   - Gates Validator: 1 section mapped ✅
   - Scripts Validator: 1 section mapped ✅
   - Communication Validator: 1 section mapped ✅
   - Evidence Validator: 1 section mapped ✅
   - Handoff Validator: 1 section mapped ✅
   - Reasoning Validator: 1 section mapped (integrated into WORKFLOW) ✅
   - Reflection Validator: 1 section mapped (integrated into EVIDENCE & HANDOFF) ✅

✅ Count Requirement Check: PASS
   - PREREQUISITES: 3 categories ✅ (required: 3)
   - WORKFLOW: 2 steps ✅ (required: ≥2)
   - QUALITY GATES: 2 gates ✅ (required: ≥2)
   - AUTOMATION HOOKS: 3 commands ✅ (required: ≥3)
   - HANDOFF CHECKLIST: 7 categories ✅ (required: ≥6 items across ≥3 categories)
   - EVIDENCE SUMMARY: 2 artifact rows ✅ (required: ≥2)

================================================================================
STEP 6: VALIDATE STRUCTURE
================================================================================

✅ Section Count: 9/9 sections present
✅ Section Order: Matches validator expectations
✅ Placeholders: All required elements have placeholders (127 total)
✅ Formatting: Markdown syntax valid

Placeholder Types Validated:
  - string: 78 placeholders ✅
  - enum: 24 placeholders ✅
  - number: 12 placeholders ✅
  - percentage: 3 placeholders ✅
  - path_artifact: 8 placeholders ✅
  - list: 2 placeholders ✅
  Total: 127 placeholders ✅

Markdown Syntax:
  - H1 headings: 1 ✅
  - H2 headings: 9 ✅
  - H3 headings: 28 ✅
  - Tables: 1 ✅
  - Code blocks: 1 (bash) ✅
  - Lists: 28 unordered, 6 ordered, 7 checklists ✅
  - HTML comments: 27 (validator mappings & notes) ✅

================================================================================
STEP 7: GENERATE STRUCTURE ARTIFACT
================================================================================

✅ Structure template saved:
   Location: .artifacts/protocol-creation/protocol-structure-template.md
   Size: 12.5 KB
   Sections: 9/9
   Placeholders: 127
   Status: READY FOR PROTOCOL 3 ✅

✅ Validation report generated:
   Location: .artifacts/protocol-creation/structure-validation.json
   Status: PASS
   Overall score: 1.0 (100%)
   All quality gates passed ✅

================================================================================
QUALITY GATES
================================================================================

Gate 1: Section Completeness
  Criteria: All 9 required sections present
  Pass Threshold: 9/9 sections = 100%
  Result: 9/9 ✅ PASS
  Evidence: All sections present in structure template

Gate 2: Requirements Alignment
  Criteria: All requirements from spec represented in structure
  Pass Threshold: ≥95% requirements covered
  Result: 100% ✅ PASS
  Evidence: All 10 validators mapped to sections with validator mapping comments

Gate 3: Structure Validation
  Criteria: Markdown syntax valid, placeholders complete
  Pass Threshold: 100% valid syntax, 100% placeholders
  Result: 100% ✅ PASS
  Evidence: All 127 placeholders properly formatted with type specifications

================================================================================
[PROTOCOL 02 | PHASE 0 COMPLETE]
================================================================================

Status: ✅ COMPLETE - All quality gates passed

Summary:
  - 9 section templates generated
  - 10 validators mapped
  - 127 placeholders created
  - 100% requirements coverage
  - 100% markdown syntax valid
  - 3/3 quality gates passed

Deliverables:
  ✅ protocol-structure-template.md (12.5 KB)
  ✅ structure-validation.json (validation report)
  ✅ protocol-2-execution.log (this file)

Ready for Protocol 3: Create Protocol Content

Next Step: Apply instructions from 3-create-protocol-content.md
