{
  "context_history": [
    {
      "subtask_id": "1.1-db-connection",
      "timestamp": "2025-01-27T00:00:00Z",
      "rules_applied": [
        "protocol-09-environment-setup-validation.mdc",
        "3-master-rule-code-quality-checklist.mdc"
      ],
      "documentation_loaded": [
        "ENVIRONMENT-README.md",
        "scripts/test_db_connection.py"
      ],
      "context_announcement": "[RAY CONTEXT LOADED] Subtask 1.1 (database connection) applying rules: protocol-09-environment-setup-validation.mdc, 3-master-rule-code-quality-checklist.mdc"
    },
    {
      "subtask_id": "1.1-supabase-auth",
      "timestamp": "2025-01-27T00:00:00Z",
      "rules_applied": [
        "protocol-09-environment-setup-validation.mdc",
        "3-master-rule-code-quality-checklist.mdc"
      ],
      "documentation_loaded": [
        "ENVIRONMENT-README.md",
        ".cursor/tasks/tasks-freelancer-command-center-mvp.md"
      ],
      "context_announcement": "[RAY CONTEXT LOADED] Subtask 1.1 (Supabase Auth setup) applying rules: protocol-09-environment-setup-validation.mdc, 3-master-rule-code-quality-checklist.mdc"
    }
  ]
}
